#
# A fatal error has been detected by the Java Runtime Environment:
#
#  SIGSEGV (0xb) at pc=0x000000010b470ea3, pid=970, tid=48647
#
# JRE version: Java(TM) SE Runtime Environment (7.0_75-b13) (build 1.7.0_75-b13)
# Java VM: Java HotSpot(TM) 64-Bit Server VM (24.75-b04 mixed mode bsd-amd64 compressed oops)
# Problematic frame:
# C  [liblwawt.dylib+0x11ea3]  OGLSD_SetScratchSurface+0x3d
#
# Failed to write core dump. Core dumps have been disabled. To enable core dumping, try "ulimit -c unlimited" before starting Java again
#
# If you would like to submit a bug report, please visit:
#   http://bugreport.sun.com/bugreport/crash.jsp
# The crash happened outside the Java Virtual Machine in native code.
# See problematic frame for where to report the bug.
#

---------------  T H R E A D  ---------------

Current thread (0x00007fad4b0b4800):  JavaThread "Java2D Queue Flusher" daemon [_thread_in_native, id=48647, stack(0x000000010f2f8000,0x000000010f3f8000)]

siginfo:si_signo=SIGSEGV: si_errno=0, si_code=1 (SEGV_MAPERR), si_addr=0x0000000000000000

Registers:
RAX=0x00007fad4b8710c8, RBX=0x00007fad4b0b49e8, RCX=0x00007fad4b8710d0, RDX=0x000000010b466d6c
RSP=0x000000010f3f77a0, RBP=0x000000010f3f77c0, RSI=0x00007fad4a756c70, RDI=0x00007fad4b8710c8
R8 =0x000000010f3f7720, R9 =0x0000000000000060, R10=0x000000010227372c, R11=0x0000000101c76b63
R12=0x0000000000000000, R13=0x00000007bb25d758, R14=0x00007fad4a750002, R15=0x0000000000000000
RIP=0x000000010b470ea3, EFLAGS=0x0000000000010206, ERR=0x0000000000000004
  TRAPNO=0x000000000000000e

Top of Stack: (sp=0x000000010f3f77a0)
0x000000010f3f77a0:   00007fad4a756c70 0000000000000000
0x000000010f3f77b0:   00007fad4b0baa10 00007fad4b0b4800
0x000000010f3f77c0:   000000010f3f7840 000000010b46684a
0x000000010f3f77d0:   0000000000000064 00007fad4b0b4800
0x000000010f3f77e0:   0000000000000bad 0000000000000bad
0x000000010f3f77f0:   00007fad4b0b4800 000000000000c417
0x000000010f3f7800:   00007fad4a57e700 00007fad4b0baa20
0x000000010f3f7810:   00000000003f7838 00007fad4b0b49e8
0x000000010f3f7820:   00000007bb25d758 0000000000000000
0x000000010f3f7830:   000000010f3f78f0 00007fad4b0b4800
0x000000010f3f7840:   000000010f3f78b8 0000000102273758
0x000000010f3f7850:   000000010f3f7870 0000000000000064
0x000000010f3f7860:   00007fad4c0a2608 00000007bae02798
0x000000010f3f7870:   00007fad4b0b4800 000000010f3f7878
0x000000010f3f7880:   0000000000000000 000000010f3f78f0
0x000000010f3f7890:   00000007bb25ef40 0000000000000000
0x000000010f3f78a0:   00000007bb25d758 0000000000000000
0x000000010f3f78b0:   000000010f3f78d8 000000010f3f7938
0x000000010f3f78c0:   0000000102267058 0000000000000000
0x000000010f3f78d0:   000000010226fcd8 0000000000000020
0x000000010f3f78e0:   00007fad4b0baa00 00000007c0698d80
0x000000010f3f78f0:   00000007c0698d68 000000010f3f78f8
0x000000010f3f7900:   00000007bb25d83d 000000010f3f7950
0x000000010f3f7910:   00000007bb25ef40 0000000000000000
0x000000010f3f7920:   00000007bb25d860 000000010f3f78d8
0x000000010f3f7930:   000000010f3f7950 000000010f3f7998
0x000000010f3f7940:   0000000102267058 0000000000000020
0x000000010f3f7950:   00000007c0698d68 000000010f3f7958
0x000000010f3f7960:   00000007bb25d9f1 000000010f3f79a8
0x000000010f3f7970:   00000007bb25ef40 0000000000000000
0x000000010f3f7980:   00000007bb25da00 000000010f3f7950
0x000000010f3f7990:   000000010f3f79a8 000000010f3f7a00 

Instructions: (pc=0x000000010b470ea3)
0x000000010b470e83:   c0 be 01 00 00 00 e8 30 2b 03 00 31 c0 eb 6d 48
0x000000010b470e93:   89 fb 4c 8b 76 10 4d 8b 3e 30 c0 e8 ef 2f 03 00
0x000000010b470ea3:   49 8b 3f 49 89 c4 48 8b 35 78 7b 06 00 30 c0 e8
0x000000010b470eb3:   19 31 03 00 48 85 c0 75 4c 30 c0 e8 79 60 ff ff 

Register to memory mapping:

RAX=0x00007fad4b8710c8 is an unknown value
RBX=0x00007fad4b0b49e8 is an unknown value
RCX=0x00007fad4b8710d0 is an unknown value
RDX=0x000000010b466d6c: Java_sun_java2d_opengl_OGLRenderQueue_flushBuffer+0xb5c in /Library/Java/JavaVirtualMachines/jdk1.7.0_75.jdk/Contents/Home/jre/lib/lwawt/liblwawt.dylib at 0x000000010b45f000
RSP=0x000000010f3f77a0 is pointing into the stack for thread: 0x00007fad4b0b4800
RBP=0x000000010f3f77c0 is pointing into the stack for thread: 0x00007fad4b0b4800
RSI=0x00007fad4a756c70 is an unknown value
RDI=0x00007fad4b8710c8 is an unknown value
R8 =0x000000010f3f7720 is pointing into the stack for thread: 0x00007fad4b0b4800
R9 =0x0000000000000060 is an unknown value
R10=0x000000010227372c is at code_begin+620 in an Interpreter codelet
method entry point (kind = native)  [0x00000001022734c0, 0x0000000102273d00]  2112 bytes
R11=0x0000000101c76b63: throw_unsatisfied_link_error+0 in /Library/Java/JavaVirtualMachines/jdk1.7.0_75.jdk/Contents/Home/jre/lib/server/libjvm.dylib at 0x0000000101800000
R12=0x0000000000000000 is an unknown value
R13=0x00000007bb25d758 is an oop
{method} 
 - klass: {other class}
R14=0x00007fad4a750002 is an unknown value
R15=0x0000000000000000 is an unknown value


Stack: [0x000000010f2f8000,0x000000010f3f8000],  sp=0x000000010f3f77a0,  free space=1021k
Native frames: (J=compiled Java code, j=interpreted, Vv=VM code, C=native code)
C  [liblwawt.dylib+0x11ea3]  OGLSD_SetScratchSurface+0x3d
C  [liblwawt.dylib+0x784a]  Java_sun_java2d_opengl_OGLRenderQueue_flushBuffer+0x63a
j  sun.java2d.opengl.OGLRenderQueue.flushBuffer(JI)V+0
j  sun.java2d.opengl.OGLRenderQueue.flushBuffer()V+21
j  sun.java2d.opengl.OGLRenderQueue.access$100(Lsun/java2d/opengl/OGLRenderQueue;)V+1
j  sun.java2d.opengl.OGLRenderQueue$QueueFlusher.run()V+81
v  ~StubRoutines::call_stub
V  [libjvm.dylib+0x2dbb58]  JavaCalls::call_helper(JavaValue*, methodHandle*, JavaCallArguments*, Thread*)+0x22a
V  [libjvm.dylib+0x2dc06f]  JavaCalls::call_virtual(JavaValue*, KlassHandle, Symbol*, Symbol*, JavaCallArguments*, Thread*)+0x11b
V  [libjvm.dylib+0x2dc1ac]  JavaCalls::call_virtual(JavaValue*, Handle, KlassHandle, Symbol*, Symbol*, Thread*)+0x4a
V  [libjvm.dylib+0x32b082]  thread_entry(JavaThread*, Thread*)+0xad
V  [libjvm.dylib+0x4f6cb9]  JavaThread::thread_main_inner()+0x9b
V  [libjvm.dylib+0x4f83c1]  JavaThread::run()+0x1a3
V  [libjvm.dylib+0x421762]  java_start(Thread*)+0x126
C  [libsystem_pthread.dylib+0x3268]  _pthread_body+0x83
C  [libsystem_pthread.dylib+0x31e5]  _pthread_body+0x0
C  [libsystem_pthread.dylib+0x141d]  thread_start+0xd

Java frames: (J=compiled Java code, j=interpreted, Vv=VM code)
j  sun.java2d.opengl.OGLRenderQueue.flushBuffer(JI)V+0
j  sun.java2d.opengl.OGLRenderQueue.flushBuffer()V+21
j  sun.java2d.opengl.OGLRenderQueue.access$100(Lsun/java2d/opengl/OGLRenderQueue;)V+1
j  sun.java2d.opengl.OGLRenderQueue$QueueFlusher.run()V+81
v  ~StubRoutines::call_stub

---------------  P R O C E S S  ---------------

Java Threads: ( => current thread )
  0x00007fad4b088800 JavaThread "TimerQueue" daemon [_thread_blocked, id=56115, stack(0x00000001103f8000,0x00000001104f8000)]
  0x00007fad4c0a0000 JavaThread "Java2D Disposer" daemon [_thread_blocked, id=50199, stack(0x000000010fc6b000,0x000000010fd6b000)]
=>0x00007fad4b0b4800 JavaThread "Java2D Queue Flusher" daemon [_thread_in_native, id=48647, stack(0x000000010f2f8000,0x000000010f3f8000)]
  0x00007fad4b0b9800 JavaThread "DestroyJavaVM" [_thread_blocked, id=4867, stack(0x0000000100e65000,0x0000000100f65000)]
  0x00007fad4b09e800 JavaThread "AWT-EventQueue-0" [_thread_in_native, id=41499, stack(0x000000010f1f5000,0x000000010f2f5000)]
  0x00007fad4a8aa800 JavaThread "AWT-Shutdown" [_thread_blocked, id=28423, stack(0x000000010c821000,0x000000010c921000)]
  0x00007fad4a8a6000 JavaThread "AppKit Thread" daemon [_thread_blocked, id=1811, stack(0x00007fff5ee31000,0x00007fff5eeb1000)]
  0x00007fad4b00b000 JavaThread "Service Thread" daemon [_thread_blocked, id=17667, stack(0x000000010b073000,0x000000010b173000)]
  0x00007fad4c022000 JavaThread "C2 CompilerThread1" daemon [_thread_blocked, id=17155, stack(0x000000010af70000,0x000000010b070000)]
  0x00007fad4a806000 JavaThread "C2 CompilerThread0" daemon [_thread_blocked, id=16643, stack(0x000000010ae6d000,0x000000010af6d000)]
  0x00007fad4b800800 JavaThread "Signal Dispatcher" daemon [_thread_blocked, id=13331, stack(0x000000010ad6a000,0x000000010ae6a000)]
  0x00007fad4b026000 JavaThread "Finalizer" daemon [_thread_blocked, id=11523, stack(0x0000000109424000,0x0000000109524000)]
  0x00007fad4b80e800 JavaThread "Reference Handler" daemon [_thread_blocked, id=11011, stack(0x0000000109321000,0x0000000109421000)]

Other Threads:
  0x00007fad4c01b000 VMThread [stack: 0x000000010921e000,0x000000010931e000] [id=10499]
  0x00007fad4c01e000 WatcherThread [stack: 0x000000010b176000,0x000000010b276000] [id=18179]

VM state:not at safepoint (normal execution)

VM Mutex/Monitor currently owned by a thread: None

Heap
 PSYoungGen      total 20992K, used 3090K [0x00000007eaa80000, 0x00000007ec380000, 0x0000000800000000)
  eden space 16384K, 18% used [0x00000007eaa80000,0x00000007ead849a0,0x00000007eba80000)
  from space 4608K, 0% used [0x00000007ebf00000,0x00000007ebf00000,0x00000007ec380000)
  to   space 4608K, 0% used [0x00000007eba80000,0x00000007eba80000,0x00000007ebf00000)
 ParOldGen       total 49664K, used 20348K [0x00000007c0000000, 0x00000007c3080000, 0x00000007eaa80000)
  object space 49664K, 40% used [0x00000007c0000000,0x00000007c13df190,0x00000007c3080000)
 PSPermGen       total 22016K, used 10793K [0x00000007bae00000, 0x00000007bc380000, 0x00000007c0000000)
  object space 22016K, 49% used [0x00000007bae00000,0x00000007bb88a448,0x00000007bc380000)

Card table byte_map: [0x0000000105321000,0x000000010554b000] byte_map_base: 0x000000010154a000

Polling page: 0x0000000100fa4000

Code Cache  [0x0000000102261000, 0x00000001024d1000, 0x0000000105261000)
 total_blobs=620 nmethods=174 adapters=400 free_code_cache=48361Kb largest_free_block=49485696

Compilation events (10 events):
Event: 213.937 Thread 0x00007fad4c022000  170             javax.swing.text.Utilities::getTabbedTextWidth (348 bytes)
Event: 213.957 Thread 0x00007fad4c022000 nmethod 170 0x0000000102318810 code [0x0000000102318ac0, 0x0000000102319958]
Event: 285.362 Thread 0x00007fad4a806000  171             javax.swing.ArrayTable::get (83 bytes)
Event: 285.377 Thread 0x00007fad4a806000 nmethod 171 0x0000000102325650 code [0x00000001023257e0, 0x0000000102325ed8]
Event: 289.414 Thread 0x00007fad4c022000  172             java.awt.event.InputEvent::isConsumed (5 bytes)
Event: 289.414 Thread 0x00007fad4c022000 nmethod 172 0x0000000102318610 code [0x0000000102318740, 0x0000000102318798]
Event: 289.634 Thread 0x00007fad4a806000  173             java.awt.GraphicsEnvironment::isHeadless (4 bytes)
Event: 289.634 Thread 0x00007fad4c022000  174             java.awt.GraphicsEnvironment::getHeadlessProperty (24 bytes)
Event: 289.635 Thread 0x00007fad4c022000 nmethod 174 0x000000010231c6d0 code [0x000000010231c800, 0x000000010231c878]
Event: 289.635 Thread 0x00007fad4a806000 nmethod 173 0x000000010231c3d0 code [0x000000010231c500, 0x000000010231c578]

GC Heap History (10 events):
Event: 220.665 GC heap before
{Heap before GC invocations=33 (full 0):
 PSYoungGen      total 20480K, used 16992K [0x00000007eaa80000, 0x00000007ec200000, 0x0000000800000000)
  eden space 16896K, 100% used [0x00000007eaa80000,0x00000007ebb00000,0x00000007ebb00000)
  from space 3584K, 2% used [0x00000007ebe80000,0x00000007ebe98000,0x00000007ec200000)
  to   space 3584K, 0% used [0x00000007ebb00000,0x00000007ebb00000,0x00000007ebe80000)
 ParOldGen       total 43520K, used 15740K [0x00000007c0000000, 0x00000007c2a80000, 0x00000007eaa80000)
  object space 43520K, 36% used [0x00000007c0000000,0x00000007c0f5f2d8,0x00000007c2a80000)
 PSPermGen       total 21504K, used 10792K [0x00000007bae00000, 0x00000007bc300000, 0x00000007c0000000)
  object space 21504K, 50% used [0x00000007bae00000,0x00000007bb88a130,0x00000007bc300000)
Event: 220.667 GC heap after
Heap after GC invocations=33 (full 0):
 PSYoungGen      total 20480K, used 1600K [0x00000007eaa80000, 0x00000007ec200000, 0x0000000800000000)
  eden space 16896K, 0% used [0x00000007eaa80000,0x00000007eaa80000,0x00000007ebb00000)
  from space 3584K, 44% used [0x00000007ebb00000,0x00000007ebc90000,0x00000007ebe80000)
  to   space 3584K, 0% used [0x00000007ebe80000,0x00000007ebe80000,0x00000007ec200000)
 ParOldGen       total 43520K, used 15772K [0x00000007c0000000, 0x00000007c2a80000, 0x00000007eaa80000)
  object space 43520K, 36% used [0x00000007c0000000,0x00000007c0f672d8,0x00000007c2a80000)
 PSPermGen       total 21504K, used 10792K [0x00000007bae00000, 0x00000007bc300000, 0x00000007c0000000)
  object space 21504K, 50% used [0x00000007bae00000,0x00000007bb88a130,0x00000007bc300000)
}
Event: 266.136 GC heap before
{Heap before GC invocations=34 (full 0):
 PSYoungGen      total 20480K, used 16197K [0x00000007eaa80000, 0x00000007ec200000, 0x0000000800000000)
  eden space 16896K, 86% used [0x00000007eaa80000,0x00000007eb8c14c8,0x00000007ebb00000)
  from space 3584K, 44% used [0x00000007ebb00000,0x00000007ebc90000,0x00000007ebe80000)
  to   space 3584K, 0% used [0x00000007ebe80000,0x00000007ebe80000,0x00000007ec200000)
 ParOldGen       total 43520K, used 15772K [0x00000007c0000000, 0x00000007c2a80000, 0x00000007eaa80000)
  object space 43520K, 36% used [0x00000007c0000000,0x00000007c0f672d8,0x00000007c2a80000)
 PSPermGen       total 21504K, used 10795K [0x00000007bae00000, 0x00000007bc300000, 0x00000007c0000000)
  object space 21504K, 50% used [0x00000007bae00000,0x00000007bb88ae20,0x00000007bc300000)
Event: 266.155 GC heap after
Heap after GC invocations=34 (full 0):
 PSYoungGen      total 19968K, used 3216K [0x00000007eaa80000, 0x00000007ec300000, 0x0000000800000000)
  eden space 16384K, 0% used [0x00000007eaa80000,0x00000007eaa80000,0x00000007eba80000)
  from space 3584K, 89% used [0x00000007ebe80000,0x00000007ec1a4178,0x00000007ec200000)
  to   space 4096K, 0% used [0x00000007eba80000,0x00000007eba80000,0x00000007ebe80000)
 ParOldGen       total 43520K, used 24863K [0x00000007c0000000, 0x00000007c2a80000, 0x00000007eaa80000)
  object space 43520K, 57% used [0x00000007c0000000,0x00000007c1847c90,0x00000007c2a80000)
 PSPermGen       total 21504K, used 10795K [0x00000007bae00000, 0x00000007bc300000, 0x00000007c0000000)
  object space 21504K, 50% used [0x00000007bae00000,0x00000007bb88ae20,0x00000007bc300000)
}
Event: 285.180 GC heap before
{Heap before GC invocations=35 (full 0):
 PSYoungGen      total 19968K, used 18872K [0x00000007eaa80000, 0x00000007ec300000, 0x0000000800000000)
  eden space 16384K, 95% used [0x00000007eaa80000,0x00000007eb9c9ec8,0x00000007eba80000)
  from space 3584K, 89% used [0x00000007ebe80000,0x00000007ec1a4178,0x00000007ec200000)
  to   space 4096K, 0% used [0x00000007eba80000,0x00000007eba80000,0x00000007ebe80000)
 ParOldGen       total 43520K, used 24863K [0x00000007c0000000, 0x00000007c2a80000, 0x00000007eaa80000)
  object space 43520K, 57% used [0x00000007c0000000,0x00000007c1847c90,0x00000007c2a80000)
 PSPermGen       total 21504K, used 10796K [0x00000007bae00000, 0x00000007bc300000, 0x00000007c0000000)
  object space 21504K, 50% used [0x00000007bae00000,0x00000007bb88b310,0x00000007bc300000)
Event: 285.241 GC heap after
Heap after GC invocations=35 (full 0):
 PSYoungGen      total 20480K, used 3141K [0x00000007eaa80000, 0x00000007ec380000, 0x0000000800000000)
  eden space 16384K, 0% used [0x00000007eaa80000,0x00000007eaa80000,0x00000007eba80000)
  from space 4096K, 76% used [0x00000007eba80000,0x00000007ebd91420,0x00000007ebe80000)
  to   space 4608K, 0% used [0x00000007ebf00000,0x00000007ebf00000,0x00000007ec380000)
 ParOldGen       total 43520K, used 34152K [0x00000007c0000000, 0x00000007c2a80000, 0x00000007eaa80000)
  object space 43520K, 78% used [0x00000007c0000000,0x00000007c215a0f8,0x00000007c2a80000)
 PSPermGen       total 21504K, used 10796K [0x00000007bae00000, 0x00000007bc300000, 0x00000007c0000000)
  object space 21504K, 50% used [0x00000007bae00000,0x00000007bb88b310,0x00000007bc300000)
}
Event: 300.536 GC heap before
{Heap before GC invocations=36 (full 0):
 PSYoungGen      total 20480K, used 18732K [0x00000007eaa80000, 0x00000007ec380000, 0x0000000800000000)
  eden space 16384K, 95% used [0x00000007eaa80000,0x00000007eb9b9f70,0x00000007eba80000)
  from space 4096K, 76% used [0x00000007eba80000,0x00000007ebd91420,0x00000007ebe80000)
  to   space 4608K, 0% used [0x00000007ebf00000,0x00000007ebf00000,0x00000007ec380000)
 ParOldGen       total 43520K, used 34152K [0x00000007c0000000, 0x00000007c2a80000, 0x00000007eaa80000)
  object space 43520K, 78% used [0x00000007c0000000,0x00000007c215a0f8,0x00000007c2a80000)
 PSPermGen       total 21504K, used 10796K [0x00000007bae00000, 0x00000007bc300000, 0x00000007c0000000)
  object space 21504K, 50% used [0x00000007bae00000,0x00000007bb88b310,0x00000007bc300000)
Event: 300.558 GC heap after
Heap after GC invocations=36 (full 0):
 PSYoungGen      total 20992K, used 3109K [0x00000007eaa80000, 0x00000007ec380000, 0x0000000800000000)
  eden space 16384K, 0% used [0x00000007eaa80000,0x00000007eaa80000,0x00000007eba80000)
  from space 4608K, 67% used [0x00000007ebf00000,0x00000007ec209420,0x00000007ec380000)
  to   space 4608K, 0% used [0x00000007eba80000,0x00000007eba80000,0x00000007ebf00000)
 ParOldGen       total 50688K, used 49442K [0x00000007c0000000, 0x00000007c3180000, 0x00000007eaa80000)
  object space 50688K, 97% used [0x00000007c0000000,0x00000007c30488c0,0x00000007c3180000)
 PSPermGen       total 21504K, used 10796K [0x00000007bae00000, 0x00000007bc300000, 0x00000007c0000000)
  object space 21504K, 50% used [0x00000007bae00000,0x00000007bb88b310,0x00000007bc300000)
}
Event: 300.560 GC heap before
{Heap before GC invocations=37 (full 1):
 PSYoungGen      total 20992K, used 3109K [0x00000007eaa80000, 0x00000007ec380000, 0x0000000800000000)
  eden space 16384K, 0% used [0x00000007eaa80000,0x00000007eaa80000,0x00000007eba80000)
  from space 4608K, 67% used [0x00000007ebf00000,0x00000007ec209420,0x00000007ec380000)
  to   space 4608K, 0% used [0x00000007eba80000,0x00000007eba80000,0x00000007ebf00000)
 ParOldGen       total 50688K, used 49442K [0x00000007c0000000, 0x00000007c3180000, 0x00000007eaa80000)
  object space 50688K, 97% used [0x00000007c0000000,0x00000007c30488c0,0x00000007c3180000)
 PSPermGen       total 21504K, used 10796K [0x00000007bae00000, 0x00000007bc300000, 0x00000007c0000000)
  object space 21504K, 50% used [0x00000007bae00000,0x00000007bb88b310,0x00000007bc300000)
Event: 300.656 GC heap after
Heap after GC invocations=37 (full 1):
 PSYoungGen      total 20992K, used 0K [0x00000007eaa80000, 0x00000007ec380000, 0x0000000800000000)
  eden space 16384K, 0% used [0x00000007eaa80000,0x00000007eaa80000,0x00000007eba80000)
  from space 4608K, 0% used [0x00000007ebf00000,0x00000007ebf00000,0x00000007ec380000)
  to   space 4608K, 0% used [0x00000007eba80000,0x00000007eba80000,0x00000007ebf00000)
 ParOldGen       total 49664K, used 20348K [0x00000007c0000000, 0x00000007c3080000, 0x00000007eaa80000)
  object space 49664K, 40% used [0x00000007c0000000,0x00000007c13df190,0x00000007c3080000)
 PSPermGen       total 22016K, used 10792K [0x00000007bae00000, 0x00000007bc380000, 0x00000007c0000000)
  object space 22016K, 49% used [0x00000007bae00000,0x00000007bb88a3a0,0x00000007bc380000)
}

Deoptimization events (10 events):
Event: 9.384 Thread 0x00007fad4b09e800 Uncommon trap: reason=class_check action=maybe_recompile pc=0x00000001022da4cc method=java.lang.String.equals(Ljava/lang/Object;)Z @ 8
Event: 9.384 Thread 0x00007fad4b09e800 Uncommon trap: reason=class_check action=maybe_recompile pc=0x00000001022da4cc method=java.lang.String.equals(Ljava/lang/Object;)Z @ 8
Event: 9.384 Thread 0x00007fad4b09e800 Uncommon trap: reason=class_check action=maybe_recompile pc=0x00000001022da4cc method=java.lang.String.equals(Ljava/lang/Object;)Z @ 8
Event: 142.919 Thread 0x00007fad4b09e800 Uncommon trap: reason=class_check action=maybe_recompile pc=0x00000001023151e4 method=java.awt.Container.getMouseEventTargetImpl(IIZLjava/awt/Container$EventTargetFilter;ZZ)Ljava/awt/Component; @ 191
Event: 162.408 Thread 0x00007fad4b09e800 Uncommon trap: reason=class_check action=maybe_recompile pc=0x0000000102313380 method=sun.java2d.SunGraphics2D.fillRect(IIII)V @ 10
Event: 162.408 Thread 0x00007fad4b09e800 Uncommon trap: reason=class_check action=maybe_recompile pc=0x0000000102313380 method=sun.java2d.SunGraphics2D.fillRect(IIII)V @ 10
Event: 162.417 Thread 0x00007fad4b09e800 Uncommon trap: reason=class_check action=maybe_recompile pc=0x0000000102313380 method=sun.java2d.SunGraphics2D.fillRect(IIII)V @ 10
Event: 162.418 Thread 0x00007fad4b09e800 Uncommon trap: reason=class_check action=maybe_recompile pc=0x0000000102313380 method=sun.java2d.SunGraphics2D.fillRect(IIII)V @ 10
Event: 184.268 Thread 0x00007fad4b0b4800 Uncommon trap: reason=predicate action=maybe_recompile pc=0x000000010231cb80 method=java.util.Arrays.fill([Ljava/lang/Object;Ljava/lang/Object;)V @ 10
Event: 287.279 Thread 0x00007fad4b09e800 Uncommon trap: reason=class_check action=maybe_recompile pc=0x00000001023151e4 method=java.awt.Container.getMouseEventTargetImpl(IIZLjava/awt/Container$EventTargetFilter;ZZ)Ljava/awt/Component; @ 191

Internal exceptions (10 events):
Event: 0.483 Thread 0x00007fad4b09e800 Threw 0x00000007ead3b430 at /HUDSON/workspace/7u-2-build-macosx-x86_64/jdk7u75/1940/hotspot/src/share/vm/prims/jvm.cpp:1281
Event: 1.181 Thread 0x00007fad4b09e800 Threw 0x00000007eaec9888 at /HUDSON/workspace/7u-2-build-macosx-x86_64/jdk7u75/1940/hotspot/src/share/vm/prims/jvm.cpp:1281
Event: 1.182 Thread 0x00007fad4b09e800 Threw 0x00000007eaf21d50 at /HUDSON/workspace/7u-2-build-macosx-x86_64/jdk7u75/1940/hotspot/src/share/vm/prims/jvm.cpp:1281
Event: 1.287 Thread 0x00007fad4b09e800 Threw 0x00000007eaf40308 at /HUDSON/workspace/7u-2-build-macosx-x86_64/jdk7u75/1940/hotspot/src/share/vm/prims/jvm.cpp:1281
Event: 2.236 Thread 0x00007fad4b09e800 Threw 0x00000007eae29568 at /HUDSON/workspace/7u-2-build-macosx-x86_64/jdk7u75/1940/hotspot/src/share/vm/prims/jvm.cpp:1281
Event: 5.581 Thread 0x00007fad4b09e800 Threw 0x00000007eaf19730 at /HUDSON/workspace/7u-2-build-macosx-x86_64/jdk7u75/1940/hotspot/src/share/vm/prims/jvm.cpp:1281
Event: 69.984 Thread 0x00007fad4b09e800 Threw 0x00000007eb3031f8 at /HUDSON/workspace/7u-2-build-macosx-x86_64/jdk7u75/1940/hotspot/src/share/vm/prims/jvm.cpp:1281
Event: 69.984 Thread 0x00007fad4b09e800 Threw 0x00000007eb304db8 at /HUDSON/workspace/7u-2-build-macosx-x86_64/jdk7u75/1940/hotspot/src/share/vm/prims/jvm.cpp:1281
Event: 69.985 Thread 0x00007fad4b09e800 Threw 0x00000007eb30a098 at /HUDSON/workspace/7u-2-build-macosx-x86_64/jdk7u75/1940/hotspot/src/share/vm/prims/jvm.cpp:1281
Event: 69.985 Thread 0x00007fad4b09e800 Threw 0x00000007eb30bcb8 at /HUDSON/workspace/7u-2-build-macosx-x86_64/jdk7u75/1940/hotspot/src/share/vm/prims/jvm.cpp:1281

Events (10 events):
Event: 266.074 loading class 0x00007fad4b8f4350 done
Event: 266.136 Executing VM operation: ParallelGCFailedAllocation
Event: 266.155 Executing VM operation: ParallelGCFailedAllocation done
Event: 285.180 Executing VM operation: ParallelGCFailedAllocation
Event: 285.241 Executing VM operation: ParallelGCFailedAllocation done
Event: 287.279 Thread 0x00007fad4b09e800 Uncommon trap: trap_request=0xffffffde fr.pc=0x00000001023151e4
Event: 287.279 Thread 0x00007fad4b09e800 DEOPT PACKING pc=0x00000001023151e4 sp=0x000000010f2f2c80
Event: 287.279 Thread 0x00007fad4b09e800 DEOPT UNPACKING pc=0x000000010229a045 sp=0x000000010f2f2c68 mode 2
Event: 300.536 Executing VM operation: ParallelGCFailedAllocation
Event: 300.656 Executing VM operation: ParallelGCFailedAllocation done


Dynamic libraries:
0x000000000011c000 	/System/Library/Frameworks/Cocoa.framework/Versions/A/Cocoa
0x000000000011c000 	/System/Library/Frameworks/Security.framework/Versions/A/Security
0x000000000011c000 	/System/Library/Frameworks/ApplicationServices.framework/Versions/A/ApplicationServices
0x000000000011c000 	/usr/lib/libz.1.dylib
0x000000000011c000 	/usr/lib/libSystem.B.dylib
0x000000000011c000 	/usr/lib/libobjc.A.dylib
0x000000000011c000 	/System/Library/Frameworks/CoreFoundation.framework/Versions/A/CoreFoundation
0x000000000011c000 	/System/Library/Frameworks/Foundation.framework/Versions/C/Foundation
0x000000000011c000 	/System/Library/Frameworks/AppKit.framework/Versions/C/AppKit
0x000000000011c000 	/System/Library/Frameworks/CoreData.framework/Versions/A/CoreData
0x000000000011c000 	/System/Library/PrivateFrameworks/RemoteViewServices.framework/Versions/A/RemoteViewServices
0x000000000011c000 	/System/Library/PrivateFrameworks/UIFoundation.framework/Versions/A/UIFoundation
0x000000000011c000 	/System/Library/Frameworks/IOSurface.framework/Versions/A/IOSurface
0x000000000011c000 	/System/Library/Frameworks/AudioToolbox.framework/Versions/A/AudioToolbox
0x000000000011c000 	/System/Library/Frameworks/AudioUnit.framework/Versions/A/AudioUnit
0x000000000011c000 	/System/Library/PrivateFrameworks/DataDetectorsCore.framework/Versions/A/DataDetectorsCore
0x000000000011c000 	/System/Library/PrivateFrameworks/DesktopServicesPriv.framework/Versions/A/DesktopServicesPriv
0x000000000011c000 	/System/Library/Frameworks/Carbon.framework/Versions/A/Frameworks/HIToolbox.framework/Versions/A/HIToolbox
0x000000000011c000 	/System/Library/Frameworks/QuartzCore.framework/Versions/A/QuartzCore
0x000000000011c000 	/System/Library/Frameworks/Carbon.framework/Versions/A/Frameworks/SpeechRecognition.framework/Versions/A/SpeechRecognition
0x000000000011c000 	/usr/lib/libauto.dylib
0x000000000011c000 	/usr/lib/libicucore.A.dylib
0x000000000011c000 	/usr/lib/libxml2.2.dylib
0x000000000011c000 	/System/Library/PrivateFrameworks/CoreUI.framework/Versions/A/CoreUI
0x000000000011c000 	/System/Library/Frameworks/CoreAudio.framework/Versions/A/CoreAudio
0x000000000011c000 	/System/Library/Frameworks/DiskArbitration.framework/Versions/A/DiskArbitration
0x000000000011c000 	/usr/lib/liblangid.dylib
0x000000000011c000 	/System/Library/PrivateFrameworks/MultitouchSupport.framework/Versions/A/MultitouchSupport
0x000000000011c000 	/System/Library/Frameworks/IOKit.framework/Versions/A/IOKit
0x000000000011c000 	/usr/lib/libDiagnosticMessagesClient.dylib
0x000000000011c000 	/System/Library/Frameworks/CoreServices.framework/Versions/A/CoreServices
0x000000000011c000 	/System/Library/PrivateFrameworks/PerformanceAnalysis.framework/Versions/A/PerformanceAnalysis
0x000000000011c000 	/System/Library/PrivateFrameworks/GenerationalStorage.framework/Versions/A/GenerationalStorage
0x000000000011c000 	/System/Library/Frameworks/OpenGL.framework/Versions/A/OpenGL
0x000000000011c000 	/System/Library/PrivateFrameworks/Sharing.framework/Versions/A/Sharing
0x000000000011c000 	/System/Library/Frameworks/CoreGraphics.framework/Versions/A/CoreGraphics
0x000000000011c000 	/System/Library/Frameworks/CoreText.framework/Versions/A/CoreText
0x000000000011c000 	/System/Library/Frameworks/ImageIO.framework/Versions/A/ImageIO
0x000000000011c000 	/usr/lib/libextension.dylib
0x000000000011c000 	/System/Library/PrivateFrameworks/Backup.framework/Versions/A/Backup
0x000000000011c000 	/usr/lib/libarchive.2.dylib
0x000000000011c000 	/System/Library/Frameworks/CFNetwork.framework/Versions/A/CFNetwork
0x000000000011c000 	/System/Library/Frameworks/SystemConfiguration.framework/Versions/A/SystemConfiguration
0x000000000011c000 	/usr/lib/libCRFSuite.dylib
0x000000000011c000 	/usr/lib/libc++.1.dylib
0x000000000011c000 	/usr/lib/libc++abi.dylib
0x000000000011c000 	/usr/lib/system/libcache.dylib
0x000000000011c000 	/usr/lib/system/libcommonCrypto.dylib
0x000000000011c000 	/usr/lib/system/libcompiler_rt.dylib
0x000000000011c000 	/usr/lib/system/libcopyfile.dylib
0x000000000011c000 	/usr/lib/system/libcorecrypto.dylib
0x000000000011c000 	/usr/lib/system/libdispatch.dylib
0x000000000011c000 	/usr/lib/system/libdyld.dylib
0x000000000011c000 	/usr/lib/system/libkeymgr.dylib
0x000000000011c000 	/usr/lib/system/liblaunch.dylib
0x000000000011c000 	/usr/lib/system/libmacho.dylib
0x000000000011c000 	/usr/lib/system/libquarantine.dylib
0x000000000011c000 	/usr/lib/system/libremovefile.dylib
0x000000000011c000 	/usr/lib/system/libsystem_asl.dylib
0x000000000011c000 	/usr/lib/system/libsystem_blocks.dylib
0x000000000011c000 	/usr/lib/system/libsystem_c.dylib
0x000000000011c000 	/usr/lib/system/libsystem_configuration.dylib
0x000000000011c000 	/usr/lib/system/libsystem_coreservices.dylib
0x000000000011c000 	/usr/lib/system/libsystem_coretls.dylib
0x000000000011c000 	/usr/lib/system/libsystem_dnssd.dylib
0x000000000011c000 	/usr/lib/system/libsystem_info.dylib
0x000000000011c000 	/usr/lib/system/libsystem_kernel.dylib
0x000000000011c000 	/usr/lib/system/libsystem_m.dylib
0x000000000011c000 	/usr/lib/system/libsystem_malloc.dylib
0x000000000011c000 	/usr/lib/system/libsystem_network.dylib
0x000000000011c000 	/usr/lib/system/libsystem_networkextension.dylib
0x000000000011c000 	/usr/lib/system/libsystem_notify.dylib
0x000000000011c000 	/usr/lib/system/libsystem_platform.dylib
0x000000000011c000 	/usr/lib/system/libsystem_pthread.dylib
0x000000000011c000 	/usr/lib/system/libsystem_sandbox.dylib
0x000000000011c000 	/usr/lib/system/libsystem_secinit.dylib
0x000000000011c000 	/usr/lib/system/libsystem_stats.dylib
0x000000000011c000 	/usr/lib/system/libsystem_trace.dylib
0x000000000011c000 	/usr/lib/system/libunc.dylib
0x000000000011c000 	/usr/lib/system/libunwind.dylib
0x000000000011c000 	/usr/lib/system/libxpc.dylib
0x000000000011c000 	/usr/lib/libbz2.1.0.dylib
0x000000000011c000 	/usr/lib/liblzma.5.dylib
0x000000000011c000 	/usr/lib/libbsm.0.dylib
0x000000000011c000 	/usr/lib/libsqlite3.dylib
0x000000000011c000 	/usr/lib/system/libkxld.dylib
0x000000000011c000 	/usr/lib/libxar.1.dylib
0x000000000011c000 	/usr/lib/libpam.2.dylib
0x000000000011c000 	/usr/lib/libOpenScriptingUtil.dylib
0x000000000011c000 	/System/Library/Frameworks/CoreServices.framework/Versions/A/Frameworks/FSEvents.framework/Versions/A/FSEvents
0x000000000011c000 	/System/Library/Frameworks/CoreServices.framework/Versions/A/Frameworks/CarbonCore.framework/Versions/A/CarbonCore
0x000000000011c000 	/System/Library/Frameworks/CoreServices.framework/Versions/A/Frameworks/Metadata.framework/Versions/A/Metadata
0x000000000011c000 	/System/Library/Frameworks/CoreServices.framework/Versions/A/Frameworks/OSServices.framework/Versions/A/OSServices
0x000000000011c000 	/System/Library/Frameworks/CoreServices.framework/Versions/A/Frameworks/SearchKit.framework/Versions/A/SearchKit
0x000000000011c000 	/System/Library/Frameworks/CoreServices.framework/Versions/A/Frameworks/AE.framework/Versions/A/AE
0x000000000011c000 	/System/Library/Frameworks/CoreServices.framework/Versions/A/Frameworks/LaunchServices.framework/Versions/A/LaunchServices
0x000000000011c000 	/System/Library/Frameworks/CoreServices.framework/Versions/A/Frameworks/DictionaryServices.framework/Versions/A/DictionaryServices
0x000000000011c000 	/System/Library/Frameworks/NetFS.framework/Versions/A/NetFS
0x000000000011c000 	/System/Library/PrivateFrameworks/NetAuth.framework/Versions/A/NetAuth
0x000000000011c000 	/System/Library/PrivateFrameworks/login.framework/Versions/A/Frameworks/loginsupport.framework/Versions/A/loginsupport
0x000000000011c000 	/System/Library/PrivateFrameworks/TCC.framework/Versions/A/TCC
0x000000000011c000 	/usr/lib/libmecabra.dylib
0x000000000011c000 	/System/Library/Frameworks/ApplicationServices.framework/Versions/A/Frameworks/ATS.framework/Versions/A/ATS
0x000000000011c000 	/System/Library/Frameworks/ApplicationServices.framework/Versions/A/Frameworks/ColorSync.framework/Versions/A/ColorSync
0x000000000011c000 	/System/Library/Frameworks/ApplicationServices.framework/Versions/A/Frameworks/HIServices.framework/Versions/A/HIServices
0x000000000011c000 	/System/Library/Frameworks/ApplicationServices.framework/Versions/A/Frameworks/LangAnalysis.framework/Versions/A/LangAnalysis
0x000000000011c000 	/System/Library/Frameworks/ApplicationServices.framework/Versions/A/Frameworks/PrintCore.framework/Versions/A/PrintCore
0x000000000011c000 	/System/Library/Frameworks/ApplicationServices.framework/Versions/A/Frameworks/QD.framework/Versions/A/QD
0x000000000011c000 	/System/Library/Frameworks/ApplicationServices.framework/Versions/A/Frameworks/SpeechSynthesis.framework/Versions/A/SpeechSynthesis
0x000000000011c000 	/System/Library/Frameworks/Accelerate.framework/Versions/A/Accelerate
0x000000000011c000 	/System/Library/Frameworks/Accelerate.framework/Versions/A/Frameworks/vImage.framework/Versions/A/vImage
0x000000000011c000 	/System/Library/Frameworks/Accelerate.framework/Versions/A/Frameworks/vecLib.framework/Versions/A/vecLib
0x000000000011c000 	/System/Library/Frameworks/Accelerate.framework/Versions/A/Frameworks/vecLib.framework/Versions/A/libvDSP.dylib
0x000000000011c000 	/System/Library/Frameworks/Accelerate.framework/Versions/A/Frameworks/vecLib.framework/Versions/A/libvMisc.dylib
0x000000000011c000 	/System/Library/Frameworks/Accelerate.framework/Versions/A/Frameworks/vecLib.framework/Versions/A/libLAPACK.dylib
0x000000000011c000 	/System/Library/Frameworks/Accelerate.framework/Versions/A/Frameworks/vecLib.framework/Versions/A/libBLAS.dylib
0x000000000011c000 	/System/Library/Frameworks/Accelerate.framework/Versions/A/Frameworks/vecLib.framework/Versions/A/libLinearAlgebra.dylib
0x000000000011c000 	/System/Library/Frameworks/ApplicationServices.framework/Versions/A/Frameworks/ATS.framework/Versions/A/Resources/libFontParser.dylib
0x000000000011c000 	/System/Library/Frameworks/ApplicationServices.framework/Versions/A/Frameworks/ATS.framework/Versions/A/Resources/libFontRegistry.dylib
0x000000000011c000 	/System/Library/PrivateFrameworks/AppleVPA.framework/Versions/A/AppleVPA
0x000000000011c000 	/System/Library/PrivateFrameworks/AppleJPEG.framework/Versions/A/AppleJPEG
0x000000000011c000 	/System/Library/Frameworks/ImageIO.framework/Versions/A/Resources/libJPEG.dylib
0x000000000011c000 	/System/Library/Frameworks/ImageIO.framework/Versions/A/Resources/libTIFF.dylib
0x000000000011c000 	/System/Library/Frameworks/ImageIO.framework/Versions/A/Resources/libPng.dylib
0x000000000011c000 	/System/Library/Frameworks/ImageIO.framework/Versions/A/Resources/libGIF.dylib
0x000000000011c000 	/System/Library/Frameworks/ImageIO.framework/Versions/A/Resources/libJP2.dylib
0x000000000011c000 	/System/Library/Frameworks/ImageIO.framework/Versions/A/Resources/libRadiance.dylib
0x000000000011c000 	/System/Library/Frameworks/CoreVideo.framework/Versions/A/CoreVideo
0x000000000011c000 	/System/Library/Frameworks/OpenGL.framework/Versions/A/Libraries/libGLU.dylib
0x000000000011c000 	/System/Library/Frameworks/OpenGL.framework/Versions/A/Libraries/libGFXShared.dylib
0x000000000011c000 	/System/Library/Frameworks/OpenGL.framework/Versions/A/Libraries/libGL.dylib
0x000000000011c000 	/System/Library/Frameworks/OpenGL.framework/Versions/A/Libraries/libGLImage.dylib
0x000000000011c000 	/System/Library/Frameworks/OpenGL.framework/Versions/A/Libraries/libCVMSPluginSupport.dylib
0x000000000011c000 	/System/Library/Frameworks/OpenGL.framework/Versions/A/Libraries/libCoreVMClient.dylib
0x000000000011c000 	/usr/lib/libcups.2.dylib
0x000000000011c000 	/System/Library/Frameworks/Kerberos.framework/Versions/A/Kerberos
0x000000000011c000 	/System/Library/Frameworks/GSS.framework/Versions/A/GSS
0x000000000011c000 	/usr/lib/libresolv.9.dylib
0x000000000011c000 	/usr/lib/libiconv.2.dylib
0x000000000011c000 	/System/Library/PrivateFrameworks/Heimdal.framework/Versions/A/Heimdal
0x000000000011c000 	/usr/lib/libheimdal-asn1.dylib
0x000000000011c000 	/System/Library/Frameworks/OpenDirectory.framework/Versions/A/OpenDirectory
0x000000000011c000 	/System/Library/PrivateFrameworks/CommonAuth.framework/Versions/A/CommonAuth
0x000000000011c000 	/System/Library/Frameworks/OpenDirectory.framework/Versions/A/Frameworks/CFOpenDirectory.framework/Versions/A/CFOpenDirectory
0x000000000011c000 	/System/Library/Frameworks/SecurityFoundation.framework/Versions/A/SecurityFoundation
0x000000000011c000 	/System/Library/PrivateFrameworks/LanguageModeling.framework/Versions/A/LanguageModeling
0x000000000011c000 	/usr/lib/libcmph.dylib
0x000000000011c000 	/System/Library/Frameworks/ServiceManagement.framework/Versions/A/ServiceManagement
0x000000000011c000 	/usr/lib/libxslt.1.dylib
0x000000000011c000 	/System/Library/Frameworks/Carbon.framework/Versions/A/Frameworks/Ink.framework/Versions/A/Ink
0x000000000011c000 	/System/Library/Frameworks/QuartzCore.framework/Versions/A/Frameworks/CoreImage.framework/Versions/A/CoreImage
0x000000000011c000 	/System/Library/PrivateFrameworks/CrashReporterSupport.framework/Versions/A/CrashReporterSupport
0x000000000011c000 	/System/Library/Frameworks/OpenCL.framework/Versions/A/OpenCL
0x000000000011c000 	/System/Library/PrivateFrameworks/FaceCore.framework/Versions/A/FaceCore
0x000000000011c000 	/System/Library/PrivateFrameworks/Ubiquity.framework/Versions/A/Ubiquity
0x000000000011c000 	/System/Library/PrivateFrameworks/IconServices.framework/Versions/A/IconServices
0x000000000011c000 	/System/Library/PrivateFrameworks/ChunkingLibrary.framework/Versions/A/ChunkingLibrary
0x000000000011c000 	/System/Library/PrivateFrameworks/Apple80211.framework/Versions/A/Apple80211
0x000000000011c000 	/System/Library/Frameworks/CoreWLAN.framework/Versions/A/CoreWLAN
0x000000000011c000 	/System/Library/Frameworks/IOBluetooth.framework/Versions/A/IOBluetooth
0x000000000011c000 	/System/Library/PrivateFrameworks/CoreWiFi.framework/Versions/A/CoreWiFi
0x000000000011c000 	/System/Library/Frameworks/CoreBluetooth.framework/Versions/A/CoreBluetooth
0x000000000011c000 	/System/Library/PrivateFrameworks/DebugSymbols.framework/Versions/A/DebugSymbols
0x000000000011c000 	/System/Library/PrivateFrameworks/CoreSymbolication.framework/Versions/A/CoreSymbolication
0x000000000011c000 	/System/Library/PrivateFrameworks/Symbolication.framework/Versions/A/Symbolication
0x000000000011c000 	/System/Library/PrivateFrameworks/SpeechRecognitionCore.framework/Versions/A/SpeechRecognitionCore
0x0000000101800000 	/Library/Java/JavaVirtualMachines/jdk1.7.0_75.jdk/Contents/Home/jre/lib/server/libjvm.dylib
0x000000000011c000 	/usr/lib/libstdc++.6.dylib
0x0000000100f67000 	/Library/Java/JavaVirtualMachines/jdk1.7.0_75.jdk/Contents/Home/jre/lib/libverify.dylib
0x0000000100f74000 	/Library/Java/JavaVirtualMachines/jdk1.7.0_75.jdk/Contents/Home/jre/lib/libjava.dylib
0x0000000100fae000 	/Library/Java/JavaVirtualMachines/jdk1.7.0_75.jdk/Contents/Home/jre/lib/libzip.dylib
0x0000000109526000 	/System/Library/Frameworks/JavaVM.framework/Frameworks/JavaRuntimeSupport.framework/JavaRuntimeSupport
0x000000010953e000 	/System/Library/Frameworks/JavaVM.framework/Versions/A/Frameworks/JavaNativeFoundation.framework/Versions/A/JavaNativeFoundation
0x0000000109553000 	/System/Library/Frameworks/JavaVM.framework/Versions/A/JavaVM
0x000000000011c000 	/System/Library/Frameworks/Carbon.framework/Versions/A/Carbon
0x0000000109560000 	/System/Library/PrivateFrameworks/JavaLaunching.framework/Versions/A/JavaLaunching
0x000000000011c000 	/System/Library/Frameworks/Carbon.framework/Versions/A/Frameworks/CommonPanels.framework/Versions/A/CommonPanels
0x000000000011c000 	/System/Library/Frameworks/Carbon.framework/Versions/A/Frameworks/Help.framework/Versions/A/Help
0x000000000011c000 	/System/Library/Frameworks/Carbon.framework/Versions/A/Frameworks/ImageCapture.framework/Versions/A/ImageCapture
0x000000000011c000 	/System/Library/Frameworks/Carbon.framework/Versions/A/Frameworks/OpenScripting.framework/Versions/A/OpenScripting
0x000000000011c000 	/System/Library/Frameworks/Carbon.framework/Versions/A/Frameworks/Print.framework/Versions/A/Print
0x000000000011c000 	/System/Library/Frameworks/Carbon.framework/Versions/A/Frameworks/SecurityHI.framework/Versions/A/SecurityHI
0x000000010b2e4000 	/Library/Java/JavaVirtualMachines/jdk1.7.0_75.jdk/Contents/Home/jre/lib/libawt.dylib
0x000000010b393000 	/Library/Java/JavaVirtualMachines/jdk1.7.0_75.jdk/Contents/Home/jre/lib/./libmlib_image.dylib
0x000000010b45f000 	/Library/Java/JavaVirtualMachines/jdk1.7.0_75.jdk/Contents/Home/jre/lib/lwawt/liblwawt.dylib
0x000000010b513000 	/Library/Java/JavaVirtualMachines/jdk1.7.0_75.jdk/Contents/Home/jre/lib/libosxapp.dylib
0x000000000011c000 	/System/Library/Frameworks/ExceptionHandling.framework/Versions/A/ExceptionHandling
0x000000000011c000 	/System/Library/PrivateFrameworks/CoreServicesInternal.framework/Versions/A/CoreServicesInternal
0x000000000011c000 	/System/Library/PrivateFrameworks/CloudDocs.framework/Versions/A/CloudDocs
0x000000000011c000 	/System/Library/PrivateFrameworks/CoreDuet.framework/Versions/A/CoreDuet
0x000000000011c000 	/System/Library/Frameworks/CloudKit.framework/Versions/A/CloudKit
0x000000000011c000 	/System/Library/PrivateFrameworks/ProtocolBuffer.framework/Versions/A/ProtocolBuffer
0x000000000011c000 	/System/Library/PrivateFrameworks/CoreDuetDaemonProtocol.framework/Versions/A/CoreDuetDaemonProtocol
0x000000000011c000 	/System/Library/PrivateFrameworks/CoreDuetDebugLogging.framework/Versions/A/CoreDuetDebugLogging
0x000000000011c000 	/System/Library/Frameworks/CoreLocation.framework/Versions/A/CoreLocation
0x000000000011c000 	/System/Library/Frameworks/Accounts.framework/Versions/A/Accounts
0x000000000011c000 	/System/Library/PrivateFrameworks/ApplePushService.framework/Versions/A/ApplePushService
0x000000000011c000 	/System/Library/PrivateFrameworks/GeoServices.framework/Versions/A/GeoServices
0x000000000011c000 	/System/Library/PrivateFrameworks/OAuth.framework/Versions/A/OAuth
0x000000000011c000 	/System/Library/PrivateFrameworks/CoreDaemon.framework/Versions/B/CoreDaemon
0x000000000011c000 	/usr/lib/libcrypto.0.9.8.dylib
0x000000000011c000 	/System/Library/PrivateFrameworks/AppleSRP.framework/Versions/A/AppleSRP
0x000000000011c000 	/System/Library/PrivateFrameworks/TrustEvaluationAgent.framework/Versions/A/TrustEvaluationAgent
0x000000000011c000 	/System/Library/Frameworks/CoreGraphics.framework/Versions/A/Resources/libCGCMS.A.dylib
0x000000000011c000 	/System/Library/Frameworks/CoreGraphics.framework/Versions/A/Resources/libRIP.A.dylib
0x000000000011c000 	/System/Library/Frameworks/CoreGraphics.framework/Versions/A/Resources/libCGXType.A.dylib
0x000000000011c000 	/System/Library/Frameworks/OpenCL.framework/Versions/A/Libraries/libcldcpuengine.dylib
0x000000000011c000 	/System/Library/PrivateFrameworks/DiskImages.framework/Versions/A/DiskImages
0x000000000011c000 	/System/Library/Frameworks/DiscRecording.framework/Versions/A/DiscRecording
0x000000000011c000 	/usr/lib/libcsfde.dylib
0x000000000011c000 	/usr/lib/libcurl.4.dylib
0x000000000011c000 	/System/Library/PrivateFrameworks/MediaKit.framework/Versions/A/MediaKit
0x000000000011c000 	/System/Library/PrivateFrameworks/ProtectedCloudStorage.framework/Versions/A/ProtectedCloudStorage
0x000000000011c000 	/usr/lib/libCoreStorage.dylib
0x000000000011c000 	/System/Library/PrivateFrameworks/EFILogin.framework/Versions/A/EFILogin
0x000000000011c000 	/usr/lib/libutil.dylib
0x000000000011c000 	/System/Library/PrivateFrameworks/FindMyDevice.framework/Versions/A/FindMyDevice
0x000000000011c000 	/System/Library/Frameworks/LDAP.framework/Versions/A/LDAP
0x000000000011c000 	/usr/lib/libsasl2.2.dylib
0x000000010dfc6000 	cl_kernels
0x000000010dfc8000 	/System/Library/Frameworks/OpenCL.framework/Versions/A/Libraries/ImageFormats/unorm8_bgra.dylib
0x000000010dfb7000 	cl_kernels
0x000000000011c000 	/System/Library/PrivateFrameworks/FamilyControls.framework/Versions/A/FamilyControls
0x000000000011c000 	/System/Library/PrivateFrameworks/CommerceKit.framework/Versions/A/Frameworks/CommerceCore.framework/Versions/A/CommerceCore
0x000000000011c000 	/System/Library/PrivateFrameworks/SystemAdministration.framework/Versions/A/SystemAdministration
0x000000000011c000 	/System/Library/PrivateFrameworks/AppContainer.framework/Versions/A/AppContainer
0x000000000011c000 	/System/Library/PrivateFrameworks/SecCodeWrapper.framework/Versions/A/SecCodeWrapper
0x000000000011c000 	/System/Library/Frameworks/DirectoryService.framework/Versions/A/DirectoryService
0x000000000011c000 	/System/Library/PrivateFrameworks/LoginUIKit.framework/Versions/A/Frameworks/LoginUICore.framework/Versions/A/LoginUICore
0x000000000011c000 	/usr/lib/libodfde.dylib
0x000000010f18d000 	/Library/Java/JavaVirtualMachines/jdk1.7.0_75.jdk/Contents/Home/jre/lib/libfontmanager.dylib
0x000000000011c000 	/System/Library/Frameworks/OpenGL.framework/Versions/A/Resources/GLEngine.bundle/GLEngine
0x000000000011c000 	/System/Library/Frameworks/OpenGL.framework/Versions/A/Libraries/libGLProgrammability.dylib
0x0000000000000000 	/System/Library/Extensions/AppleIntelHD4000GraphicsGLDriver.bundle/Contents/MacOS/AppleIntelHD4000GraphicsGLDriver
0x000000000011c000 	/System/Library/PrivateFrameworks/IOAccelerator.framework/Versions/A/IOAccelerator
0x000000000011c000 	/System/Library/PrivateFrameworks/GPUSupport.framework/Versions/A/Libraries/libGPUSupportMercury.dylib
0x000000000011c000 	/System/Library/Frameworks/OpenGL.framework/Versions/A/Resources/GLRendererFloat.bundle/GLRendererFloat
0x000000010fd6d000 	/Library/Java/JavaVirtualMachines/jdk1.7.0_75.jdk/Contents/Home/jre/lib/libosxui.dylib
0x000000010ffec000 	/Library/Java/JavaVirtualMachines/jdk1.7.0_75.jdk/Contents/Home/jre/lib/libnet.dylib
0x000000011004a000 	/Library/Java/JavaVirtualMachines/jdk1.7.0_75.jdk/Contents/Home/jre/lib/libnio.dylib
0x000000000011c000 	/System/Library/Frameworks/Accelerate.framework/Versions/A/Frameworks/vImage.framework/Versions/A/Libraries/libCGInterfaces.dylib

VM Arguments:
jvm_args: -Dfile.encoding=UTF-8 
java_command: nathanbitikoferexercise5.GraphDisplay
Launcher Type: SUN_STANDARD

Environment Variables:
PATH=/usr/bin:/bin:/usr/sbin:/sbin
LD_LIBRARY_PATH=/Library/Java/JavaVirtualMachines/jdk1.7.0_75.jdk/Contents/Home/jre/lib/amd64:/Library/Java/JavaVirtualMachines/jdk1.7.0_75.jdk/Contents/Home/jre/lib/i386:
SHELL=/bin/bash
DISPLAY=/private/tmp/com.apple.launchd.cg6TOybQBZ/org.macosforge.xquartz:0
DYLD_LIBRARY_PATH=/Applications/NetBeans/NetBeans 8.0.2.app/Contents/Resources/NetBeans/webcommon/bin:

Signal Handlers:
SIGSEGV: [libjvm.dylib+0x52d20d], sa_mask[0]=0xfffefeff, sa_flags=0x00000043
SIGBUS: [libjvm.dylib+0x52d20d], sa_mask[0]=0xfffefeff, sa_flags=0x00000042
SIGFPE: [libjvm.dylib+0x41ee7a], sa_mask[0]=0xfffefeff, sa_flags=0x00000042
SIGPIPE: [libjvm.dylib+0x41ee7a], sa_mask[0]=0xfffefeff, sa_flags=0x00000042
SIGXFSZ: [libjvm.dylib+0x41ee7a], sa_mask[0]=0xfffefeff, sa_flags=0x00000042
SIGILL: [libjvm.dylib+0x41ee7a], sa_mask[0]=0xfffefeff, sa_flags=0x00000042
SIGUSR1: SIG_DFL, sa_mask[0]=0x00000000, sa_flags=0x00000000
SIGUSR2: [libjvm.dylib+0x41e96c], sa_mask[0]=0x00000004, sa_flags=0x00000042
SIGHUP: [libjvm.dylib+0x41cbfd], sa_mask[0]=0xfffefeff, sa_flags=0x00000042
SIGINT: SIG_IGN, sa_mask[0]=0x00000000, sa_flags=0x00000000
SIGTERM: [libjvm.dylib+0x41cbfd], sa_mask[0]=0xfffefeff, sa_flags=0x00000042
SIGQUIT: [libjvm.dylib+0x41cbfd], sa_mask[0]=0xfffefeff, sa_flags=0x00000042


---------------  S Y S T E M  ---------------

OS:Bsduname:Darwin 14.1.0 Darwin Kernel Version 14.1.0: Mon Dec 22 23:10:38 PST 2014; root:xnu-2782.10.72~2/RELEASE_X86_64 x86_64
rlimit: STACK 8192k, CORE 0k, NPROC 709, NOFILE 10240, AS infinity
load average:1.89 1.79 1.75

CPU:total 4 (2 cores per cpu, 2 threads per core) family 6 model 58 stepping 9, cmov, cx8, fxsr, mmx, sse, sse2, sse3, ssse3, sse4.1, sse4.2, popcnt, avx, aes, erms, ht, tsc, tscinvbit, tscinv

Memory: 4k page, physical 4194304k(1048576k free)

/proc/meminfo:


vm_info: Java HotSpot(TM) 64-Bit Server VM (24.75-b04) for bsd-amd64 JRE (1.7.0_75-b13), built on Dec 18 2014 21:48:12 by "java_re" with gcc 4.2.1 (Based on Apple Inc. build 5658) (LLVM build 2336.11.00)

time: Fri May  1 10:54:49 2015
elapsed time: 300 seconds

